[0m08:04:00.888119 [debug] [MainThread]: Sending event: {'category': 'dbt', 'action': 'invocation', 'label': 'start', 'context': [<snowplow_tracker.self_describing_json.SelfDescribingJson object at 0x739da8858c70>, <snowplow_tracker.self_describing_json.SelfDescribingJson object at 0x739da7826050>, <snowplow_tracker.self_describing_json.SelfDescribingJson object at 0x739da78243a0>]}


============================== 08:04:00.898700 | 16df9e5f-f2ea-48a5-a66f-1fdd6a2d55cb ==============================
[0m08:04:00.898700 [info ] [MainThread]: Running with dbt=1.11.6
[0m08:04:00.900822 [debug] [MainThread]: running dbt with arguments {'invocation_command': 'dbt init olist_project', 'profiles_dir': '/root/.dbt', 'partial_parse': 'True', 'write_json': 'True', 'printer_width': '80', 'empty': 'None', 'quiet': 'False', 'warn_error': 'None', 'use_experimental_parser': 'False', 'static_parser': 'True', 'cache_selected_only': 'False', 'log_cache_events': 'False', 'no_print': 'None', 'debug': 'False', 'log_format': 'default', 'log_path': 'logs', 'target_path': 'None', 'version_check': 'True', 'send_anonymous_usage_stats': 'True', 'fail_fast': 'False', 'use_colors': 'True', 'warn_error_options': 'WarnErrorOptionsV2(error=[], warn=[], silence=[])', 'indirect_selection': 'eager', 'introspect': 'True'}
[0m08:04:00.917759 [info ] [MainThread]: Creating dbt configuration folder at /root/.dbt
[0m08:04:00.926621 [debug] [MainThread]: Starter project path: /usr/local/lib/python3.10/site-packages/dbt/include/starter_project
[0m08:04:01.193380 [info ] [MainThread]: 
Your new dbt project "olist_project" was created!

For more information on how to configure the profiles.yml file,
please consult the dbt documentation here:

  https://docs.getdbt.com/docs/configure-your-profile

One more thing:

Need help? Don't hesitate to reach out to us via GitHub issues or on Slack:

  https://community.getdbt.com/

Happy modeling!

[0m08:04:01.198165 [info ] [MainThread]: Setting up your profile.
[0m08:07:41.453894 [info ] [MainThread]: Profile olist_project written to /root/.dbt/profiles.yml using target's profile_template.yml and your supplied values. Run 'dbt debug' to validate the connection.
[0m08:07:41.457824 [debug] [MainThread]: Resource report: {"command_name": "init", "command_success": true, "command_wall_clock_time": 233.37984, "process_in_blocks": "80", "process_kernel_time": 0.326093, "process_mem_max_rss": "103272", "process_out_blocks": "1424", "process_user_time": 2.282657}
[0m08:07:41.460269 [debug] [MainThread]: Command `dbt init` succeeded at 08:07:41.459894 after 233.38 seconds
[0m08:07:41.462336 [debug] [MainThread]: Sending event: {'category': 'dbt', 'action': 'invocation', 'label': 'end', 'context': [<snowplow_tracker.self_describing_json.SelfDescribingJson object at 0x739da8858c70>, <snowplow_tracker.self_describing_json.SelfDescribingJson object at 0x739da76662f0>, <snowplow_tracker.self_describing_json.SelfDescribingJson object at 0x739da761ded0>]}
[0m08:07:41.464368 [debug] [MainThread]: Flushing usage events
[0m08:07:42.897862 [debug] [MainThread]: An error was encountered while trying to flush usage events
[0m08:45:58.697316 [debug] [MainThread]: Sending event: {'category': 'dbt', 'action': 'invocation', 'label': 'start', 'context': [<snowplow_tracker.self_describing_json.SelfDescribingJson object at 0x7350f23909d0>, <snowplow_tracker.self_describing_json.SelfDescribingJson object at 0x7350f145f8e0>, <snowplow_tracker.self_describing_json.SelfDescribingJson object at 0x7350f145f3a0>]}


============================== 08:45:58.703158 | 9b9675e7-e61c-4f73-89c7-6341c5858334 ==============================
[0m08:45:58.703158 [info ] [MainThread]: Running with dbt=1.11.6
[0m08:45:58.705642 [debug] [MainThread]: running dbt with arguments {'debug': 'False', 'no_print': 'None', 'cache_selected_only': 'False', 'log_path': 'logs', 'fail_fast': 'False', 'write_json': 'True', 'log_format': 'default', 'static_parser': 'True', 'printer_width': '80', 'log_cache_events': 'False', 'introspect': 'True', 'warn_error_options': 'WarnErrorOptionsV2(error=[], warn=[], silence=[])', 'quiet': 'False', 'version_check': 'True', 'use_colors': 'True', 'warn_error': 'None', 'indirect_selection': 'eager', 'empty': 'False', 'partial_parse': 'True', 'send_anonymous_usage_stats': 'True', 'target_path': 'None', 'invocation_command': 'dbt run --models stg_geolocation', 'use_experimental_parser': 'False', 'profiles_dir': '/root/.dbt'}
[0m08:45:58.707247 [warn ] [MainThread]: [[33mWARNING[0m]: Deprecated functionality
Usage of `--models`, `--model`, and `-m` is deprecated in favor of `--select` or
`-s`.
[0m08:45:58.710037 [debug] [MainThread]: Sending event: {'category': 'dbt', 'action': 'deprecation', 'label': '9b9675e7-e61c-4f73-89c7-6341c5858334', 'property_': 'warn', 'context': [<snowplow_tracker.self_describing_json.SelfDescribingJson object at 0x7350f145e920>]}
[0m08:45:58.712487 [error] [MainThread]: Encountered an error:
Runtime Error
  No dbt_project.yml found at expected path /usr/app/dbt/dbt_project.yml
  Verify that each entry within packages.yml (and their transitive dependencies) contains a file named dbt_project.yml
  
[0m08:45:58.714412 [warn ] [MainThread]: [[33mWARNING[0m][DeprecationsSummary]: Deprecated functionality
Summary of encountered deprecations:
- ModelParamUsageDeprecation: 1 occurrence
To see all deprecation instances instead of just the first occurrence of each,
run command again with the `--show-all-deprecations` flag. You may also need to
run with `--no-partial-parse` as some deprecations are only encountered during
parsing.
[0m08:45:58.717743 [debug] [MainThread]: Resource report: {"command_name": "run", "command_success": false, "command_wall_clock_time": 0.11301455, "process_in_blocks": "0", "process_kernel_time": 0.120074, "process_mem_max_rss": "94664", "process_out_blocks": "0", "process_user_time": 1.718571}
[0m08:45:58.720011 [debug] [MainThread]: Command `dbt run` failed at 08:45:58.719609 after 0.12 seconds
[0m08:45:58.721649 [debug] [MainThread]: Sending event: {'category': 'dbt', 'action': 'invocation', 'label': 'end', 'context': [<snowplow_tracker.self_describing_json.SelfDescribingJson object at 0x7350f23909d0>, <snowplow_tracker.self_describing_json.SelfDescribingJson object at 0x7350f145f580>, <snowplow_tracker.self_describing_json.SelfDescribingJson object at 0x7350f145e920>]}
[0m08:45:58.725259 [debug] [MainThread]: Flushing usage events
[0m08:46:00.039192 [debug] [MainThread]: An error was encountered while trying to flush usage events
[0m09:15:36.538920 [debug] [MainThread]: Sending event: {'category': 'dbt', 'action': 'invocation', 'label': 'start', 'context': [<snowplow_tracker.self_describing_json.SelfDescribingJson object at 0x7955f62d8a90>, <snowplow_tracker.self_describing_json.SelfDescribingJson object at 0x7955f540fbe0>, <snowplow_tracker.self_describing_json.SelfDescribingJson object at 0x7955f540eda0>]}


============================== 09:15:36.546507 | 393a6415-7c79-45cf-b539-18243f39da03 ==============================
[0m09:15:36.546507 [info ] [MainThread]: Running with dbt=1.11.6
[0m09:15:36.548781 [debug] [MainThread]: running dbt with arguments {'cache_selected_only': 'False', 'version_check': 'True', 'send_anonymous_usage_stats': 'True', 'log_cache_events': 'False', 'empty': 'False', 'warn_error': 'None', 'partial_parse': 'True', 'indirect_selection': 'eager', 'warn_error_options': 'WarnErrorOptionsV2(error=[], warn=[], silence=[])', 'no_print': 'None', 'fail_fast': 'False', 'write_json': 'True', 'log_path': 'logs', 'invocation_command': 'dbt run --select staging', 'debug': 'False', 'printer_width': '80', 'use_experimental_parser': 'False', 'quiet': 'False', 'use_colors': 'True', 'introspect': 'True', 'profiles_dir': '/root/.dbt', 'log_format': 'default', 'target_path': 'None', 'static_parser': 'True'}
[0m09:15:36.550947 [error] [MainThread]: Encountered an error:
Runtime Error
  No dbt_project.yml found at expected path /usr/app/dbt/dbt_project.yml
  Verify that each entry within packages.yml (and their transitive dependencies) contains a file named dbt_project.yml
  
[0m09:15:36.553698 [debug] [MainThread]: Resource report: {"command_name": "run", "command_success": false, "command_wall_clock_time": 0.10893356, "process_in_blocks": "0", "process_kernel_time": 0.150262, "process_mem_max_rss": "94928", "process_out_blocks": "0", "process_user_time": 1.513891}
[0m09:15:36.555078 [debug] [MainThread]: Command `dbt run` failed at 09:15:36.554878 after 0.11 seconds
[0m09:15:36.556072 [debug] [MainThread]: Sending event: {'category': 'dbt', 'action': 'invocation', 'label': 'end', 'context': [<snowplow_tracker.self_describing_json.SelfDescribingJson object at 0x7955f62d8a90>, <snowplow_tracker.self_describing_json.SelfDescribingJson object at 0x7955f53c6ec0>, <snowplow_tracker.self_describing_json.SelfDescribingJson object at 0x7955f53c71c0>]}
[0m09:15:36.557055 [debug] [MainThread]: Flushing usage events
[0m09:15:37.877272 [debug] [MainThread]: An error was encountered while trying to flush usage events
